{
  "RSpec": {
    "coverage": {
      "C:/Users/Chris/Desktop/rails_5.2.4.1_appliance_hub/config/environment.rb": [
        null,
        1,
        null,
        null,
        1
      ],
      "C:/Users/Chris/Desktop/rails_5.2.4.1_appliance_hub/config/application.rb": [
        1,
        null,
        1,
        null,
        1,
        1,
        1,
        1,
        1,
        1,
        1,
        1,
        1,
        null,
        null,
        null,
        null,
        1,
        null,
        1,
        1,
        null,
        1,
        null,
        null,
        null,
        null,
        null,
        null,
        null,
        1,
        null,
        null
      ],
      "C:/Users/Chris/Desktop/rails_5.2.4.1_appliance_hub/config/boot.rb": [
        1,
        null,
        1,
        1
      ],
      "C:/Users/Chris/Desktop/rails_5.2.4.1_appliance_hub/config/environments/test.rb": [
        1,
        null,
        null,
        null,
        null,
        null,
        null,
        1,
        null,
        null,
        null,
        null,
        1,
        null,
        null,
        1,
        1,
        null,
        null,
        null,
        null,
        1,
        1,
        null,
        null,
        1,
        null,
        null,
        1,
        null,
        null,
        1,
        null,
        1,
        null,
        null,
        null,
        null,
        1,
        null,
        null,
        1,
        null,
        null,
        null,
        null
      ],
      "C:/Users/Chris/Desktop/rails_5.2.4.1_appliance_hub/config/initializers/application_controller_renderer.rb": [
        null,
        null,
        null,
        null,
        null,
        null,
        null,
        null
      ],
      "C:/Users/Chris/Desktop/rails_5.2.4.1_appliance_hub/config/initializers/assets.rb": [
        null,
        null,
        null,
        1,
        null,
        null,
        null,
        null,
        1,
        null,
        null,
        null,
        null,
        null
      ],
      "C:/Users/Chris/Desktop/rails_5.2.4.1_appliance_hub/config/initializers/backtrace_silencers.rb": [
        null,
        null,
        null,
        null,
        null,
        null,
        null
      ],
      "C:/Users/Chris/Desktop/rails_5.2.4.1_appliance_hub/config/initializers/content_security_policy.rb": [
        null,
        null,
        null,
        null,
        null,
        null,
        null,
        null,
        null,
        null,
        null,
        null,
        null,
        null,
        null,
        null,
        null,
        null,
        null,
        null,
        null,
        null,
        null,
        null,
        null
      ],
      "C:/Users/Chris/Desktop/rails_5.2.4.1_appliance_hub/config/initializers/cookies_serializer.rb": [
        null,
        null,
        null,
        null,
        1
      ],
      "C:/Users/Chris/Desktop/rails_5.2.4.1_appliance_hub/config/initializers/filter_parameter_logging.rb": [
        null,
        null,
        null,
        1
      ],
      "C:/Users/Chris/Desktop/rails_5.2.4.1_appliance_hub/config/initializers/inflections.rb": [
        null,
        null,
        null,
        null,
        null,
        null,
        null,
        null,
        null,
        null,
        null,
        null,
        null,
        null,
        null,
        null
      ],
      "C:/Users/Chris/Desktop/rails_5.2.4.1_appliance_hub/config/initializers/mime_types.rb": [
        null,
        null,
        null,
        null
      ],
      "C:/Users/Chris/Desktop/rails_5.2.4.1_appliance_hub/config/initializers/wrap_parameters.rb": [
        null,
        null,
        null,
        null,
        null,
        null,
        1,
        2,
        null,
        null,
        null,
        null,
        null,
        null
      ],
      "C:/Users/Chris/Desktop/rails_5.2.4.1_appliance_hub/app/channels/application_cable/channel.rb": [
        1,
        1,
        null,
        null
      ],
      "C:/Users/Chris/Desktop/rails_5.2.4.1_appliance_hub/app/channels/application_cable/connection.rb": [
        1,
        1,
        null,
        null
      ],
      "C:/Users/Chris/Desktop/rails_5.2.4.1_appliance_hub/app/controllers/application_controller.rb": [
        1,
        1,
        1,
        null,
        1,
        24,
        6,
        null,
        null,
        1,
        5,
        5,
        5,
        null,
        null,
        null
      ],
      "C:/Users/Chris/Desktop/rails_5.2.4.1_appliance_hub/app/helpers/application_helper.rb": [
        1,
        null
      ],
      "C:/Users/Chris/Desktop/rails_5.2.4.1_appliance_hub/app/controllers/products_controller.rb": [
        1,
        1,
        null,
        null,
        1,
        0,
        0,
        0,
        0,
        0,
        0,
        0,
        0,
        0,
        0,
        0,
        0,
        0,
        0,
        null,
        0,
        null,
        null,
        null,
        1,
        0,
        0,
        0,
        null,
        0,
        0,
        null,
        null,
        null,
        null,
        1,
        0,
        0,
        0,
        null,
        0,
        0,
        0,
        0,
        null,
        0,
        null,
        null,
        null,
        null,
        null,
        1,
        0,
        0,
        0,
        null,
        0,
        0,
        null,
        null,
        null,
        null,
        1,
        3,
        3,
        null,
        null,
        null,
        1,
        0,
        0,
        0,
        null,
        0,
        0,
        0,
        0,
        null,
        0,
        null,
        null,
        null,
        null,
        null,
        1,
        0,
        0,
        0,
        null,
        0,
        0,
        0,
        0,
        null,
        null,
        null,
        1,
        1,
        0,
        null,
        null,
        null
      ],
      "C:/Users/Chris/Desktop/rails_5.2.4.1_appliance_hub/app/controllers/reviews_controller.rb": [
        1,
        1,
        null,
        1,
        0,
        0,
        null,
        null,
        1,
        0,
        0,
        0,
        0,
        0,
        null,
        0,
        null,
        null,
        null,
        1,
        0,
        0,
        0,
        null,
        null,
        1,
        0,
        0,
        0,
        null,
        0,
        0,
        0,
        null,
        null,
        null,
        1,
        0,
        0,
        0,
        null,
        0,
        0,
        0,
        0,
        null,
        0,
        null,
        null,
        null,
        null,
        1,
        0,
        0,
        0,
        null,
        0,
        0,
        0,
        0,
        null,
        null,
        null,
        1,
        1,
        0,
        null,
        null
      ],
      "C:/Users/Chris/Desktop/rails_5.2.4.1_appliance_hub/app/controllers/sessions_controller.rb": [
        1,
        1,
        0,
        0,
        0,
        0,
        0,
        null,
        0,
        null,
        0,
        null,
        0,
        0,
        null,
        null,
        null,
        1,
        0,
        0,
        0,
        null,
        null
      ],
      "C:/Users/Chris/Desktop/rails_5.2.4.1_appliance_hub/app/controllers/statics_controller.rb": [
        1,
        1,
        10,
        10,
        10,
        10,
        null,
        null
      ],
      "C:/Users/Chris/Desktop/rails_5.2.4.1_appliance_hub/app/controllers/users_controller.rb": [
        1,
        null,
        1,
        2,
        null,
        null,
        1,
        2,
        2,
        2,
        2,
        1,
        null,
        1,
        null,
        2,
        null,
        0,
        0,
        null,
        null,
        null,
        1,
        null,
        1,
        2,
        null,
        null
      ],
      "C:/Users/Chris/Desktop/rails_5.2.4.1_appliance_hub/app/jobs/application_job.rb": [
        1,
        null,
        null,
        null,
        null,
        null,
        null
      ],
      "C:/Users/Chris/Desktop/rails_5.2.4.1_appliance_hub/app/mailers/application_mailer.rb": [
        1,
        1,
        1,
        null
      ],
      "C:/Users/Chris/Desktop/rails_5.2.4.1_appliance_hub/app/models/application_record.rb": [
        1,
        1,
        null
      ],
      "C:/Users/Chris/Desktop/rails_5.2.4.1_appliance_hub/app/models/product.rb": [
        1,
        11,
        null,
        null,
        11,
        11,
        1,
        1,
        null,
        null,
        null,
        null,
        1,
        1,
        null,
        1,
        null,
        1,
        1,
        3,
        null,
        null
      ],
      "C:/Users/Chris/Desktop/rails_5.2.4.1_appliance_hub/app/models/review.rb": [
        1,
        1,
        1,
        1,
        1,
        null
      ],
      "C:/Users/Chris/Desktop/rails_5.2.4.1_appliance_hub/app/models/user.rb": [
        1,
        1,
        1,
        1,
        1,
        null,
        1,
        2,
        2,
        null,
        null,
        1,
        0,
        0,
        0,
        null,
        null,
        null,
        null,
        null
      ],
      "C:/Users/Chris/Desktop/rails_5.2.4.1_appliance_hub/spec/factories.rb": [
        1,
        1,
        1,
        1,
        1,
        1,
        null,
        null,
        1,
        1,
        1,
        1,
        1,
        null,
        null
      ],
      "C:/Users/Chris/Desktop/rails_5.2.4.1_appliance_hub/config/routes.rb": [
        1,
        1,
        1,
        null,
        1,
        1,
        1,
        null,
        1,
        1,
        1,
        null,
        null
      ],
      "C:/Users/Chris/Desktop/rails_5.2.4.1_appliance_hub/spec/features/admin_signup_pages_spec.rb": [
        1,
        null,
        1,
        1,
        1,
        1,
        1,
        1,
        1,
        1,
        1,
        1,
        1,
        null,
        null
      ],
      "C:/Users/Chris/Desktop/rails_5.2.4.1_appliance_hub/spec/features/delete_product_pages_spec.rb": [
        1,
        null,
        1,
        1,
        1,
        1,
        1,
        1,
        null,
        null
      ],
      "C:/Users/Chris/Desktop/rails_5.2.4.1_appliance_hub/spec/features/update_product_pages_spec.rb": [
        1,
        null,
        1,
        1,
        1,
        1,
        1,
        1,
        0,
        0,
        0,
        0,
        0,
        null,
        null,
        1,
        1,
        1,
        1,
        1,
        0,
        0,
        0,
        0,
        null,
        null
      ],
      "C:/Users/Chris/Desktop/rails_5.2.4.1_appliance_hub/spec/features/user_signup_pages_spec.rb": [
        1,
        null,
        1,
        1,
        1,
        1,
        1,
        1,
        1,
        1,
        1,
        1,
        null,
        null
      ],
      "C:/Users/Chris/Desktop/rails_5.2.4.1_appliance_hub/spec/features/view_home_pages_spec.rb": [
        1,
        null,
        1,
        1,
        1,
        1,
        1,
        1,
        null,
        null
      ],
      "C:/Users/Chris/Desktop/rails_5.2.4.1_appliance_hub/spec/models/product_spec.rb": [
        1,
        null,
        1,
        2,
        2,
        2,
        2,
        1,
        1,
        1,
        null,
        null
      ],
      "C:/Users/Chris/Desktop/rails_5.2.4.1_appliance_hub/spec/models/review_spec.rb": [
        1,
        null,
        1,
        2,
        2,
        2,
        2,
        2,
        2,
        null
      ]
    },
    "timestamp": 1579890631
  }
}
